<?xml version="1.0" encoding="UTF-8"?>
<!-- Generated by org.testng.reporters.JUnitReportReporter -->
<testsuite skipped="0" hostname="Sudha" name="ResApiAssignment2.Title" tests="1" failures="0" timestamp="02 Dec 2019 21:47:45 GMT" time="3.676" errors="0">
  <testcase name="getUserId" time="3.676" classname="ResApiAssignment2.Title"/>
</testsuite> <!-- ResApiAssignment2.Title -->
